{"/Users/christian/Code/orange-collar-jobs/src/api/src/app.factory.ts": {"path":"/Users/christian/Code/orange-collar-jobs/src/api/src/app.factory.ts","statementMap":{"0":{"start":{"line":19,"column":0},"end":{"line":19,"column":16}},"1":{"start":{"line":2,"column":0},"end":{"line":2,"column":64}},"2":{"start":{"line":3,"column":0},"end":{"line":3,"column":80}},"3":{"start":{"line":21,"column":2},"end":{"line":28,"column":4}},"4":{"start":{"line":31,"column":2},"end":{"line":31,"column":52}},"5":{"start":{"line":36,"column":2},"end":{"line":36,"column":29}},"6":{"start":{"line":40,"column":2},"end":{"line":40,"column":74}}},"fnMap":{"0":{"name":"configureApp","decl":{"start":{"line":19,"column":16},"end":{"line":19,"column":28}},"loc":{"start":{"line":19,"column":50},"end":{"line":41,"column":1}}}},"branchMap":{},"s":{"0":1,"1":1,"2":1,"3":5,"4":5,"5":5,"6":5},"f":{"0":5},"b":{}}
,"/Users/christian/Code/orange-collar-jobs/src/api/src/core/auth/current-user.decorator.ts": {"path":"/Users/christian/Code/orange-collar-jobs/src/api/src/core/auth/current-user.decorator.ts","statementMap":{"0":{"start":{"line":1,"column":0},"end":{"line":1,"column":72}},"1":{"start":{"line":5,"column":34},"end":{"line":8,"column":1}},"2":{"start":{"line":6,"column":18},"end":{"line":6,"column":69}},"3":{"start":{"line":7,"column":2},"end":{"line":7,"column":22}},"4":{"start":{"line":5,"column":13},"end":{"line":5,"column":34}},"5":{"start":{"line":10,"column":13},"end":{"line":10,"column":68}}},"fnMap":{"0":{"name":"(anonymous_0)","decl":{"start":{"line":5,"column":34},"end":{"line":5,"column":35}},"loc":{"start":{"line":5,"column":86},"end":{"line":8,"column":1}}}},"branchMap":{},"s":{"0":3,"1":3,"2":1,"3":1,"4":3,"5":3},"f":{"0":1},"b":{}}
,"/Users/christian/Code/orange-collar-jobs/src/api/src/core/auth/jwt-auth.guard.ts": {"path":"/Users/christian/Code/orange-collar-jobs/src/api/src/core/auth/jwt-auth.guard.ts","statementMap":{"0":{"start":{"line":1,"column":0},"end":{"line":1,"column":62}},"1":{"start":{"line":2,"column":0},"end":{"line":2,"column":41}},"2":{"start":{"line":3,"column":0},"end":{"line":3,"column":45}},"3":{"start":{"line":4,"column":0},"end":{"line":4,"column":54}},"4":{"start":{"line":7,"column":7},"end":{"line":20,"column":null}},"5":{"start":{"line":9,"column":4},"end":{"line":9,"column":12}},"6":{"start":{"line":8,"column":31},"end":{"line":8,"column":42}},"7":{"start":{"line":13,"column":21},"end":{"line":16,"column":6}},"8":{"start":{"line":17,"column":4},"end":{"line":17,"column":30}},"9":{"start":{"line":17,"column":18},"end":{"line":17,"column":30}},"10":{"start":{"line":18,"column":4},"end":{"line":18,"column":38}},"11":{"start":{"line":7,"column":13},"end":{"line":7,"column":25}},"12":{"start":{"line":7,"column":13},"end":{"line":20,"column":null}}},"fnMap":{"0":{"name":"(anonymous_2)","decl":{"start":{"line":8,"column":2},"end":{"line":8,"column":31}},"loc":{"start":{"line":8,"column":51},"end":{"line":10,"column":3}}},"1":{"name":"(anonymous_3)","decl":{"start":{"line":12,"column":2},"end":{"line":12,"column":13}},"loc":{"start":{"line":12,"column":39},"end":{"line":19,"column":3}}}},"branchMap":{"0":{"loc":{"start":{"line":17,"column":4},"end":{"line":17,"column":30}},"type":"if","locations":[{"start":{"line":17,"column":4},"end":{"line":17,"column":30}}]}},"s":{"0":2,"1":2,"2":2,"3":2,"4":2,"5":3,"6":3,"7":2,"8":2,"9":1,"10":1,"11":2,"12":2},"f":{"0":3,"1":2},"b":{"0":[1]}}
,"/Users/christian/Code/orange-collar-jobs/src/api/src/core/auth/jwt.strategy.ts": {"path":"/Users/christian/Code/orange-collar-jobs/src/api/src/core/auth/jwt.strategy.ts","statementMap":{"0":{"start":{"line":1,"column":0},"end":{"line":1,"column":67}},"1":{"start":{"line":2,"column":0},"end":{"line":2,"column":52}},"2":{"start":{"line":3,"column":0},"end":{"line":3,"column":52}},"3":{"start":{"line":4,"column":0},"end":{"line":4,"column":47}},"4":{"start":{"line":5,"column":0},"end":{"line":5,"column":62}},"5":{"start":{"line":24,"column":7},"end":{"line":44,"column":null}},"6":{"start":{"line":29,"column":4},"end":{"line":33,"column":7}},"7":{"start":{"line":27,"column":21},"end":{"line":27,"column":29}},"8":{"start":{"line":37,"column":17},"end":{"line":40,"column":6}},"9":{"start":{"line":41,"column":4},"end":{"line":41,"column":82}},"10":{"start":{"line":41,"column":15},"end":{"line":41,"column":82}},"11":{"start":{"line":42,"column":4},"end":{"line":42,"column":16}},"12":{"start":{"line":24,"column":13},"end":{"line":24,"column":24}},"13":{"start":{"line":24,"column":13},"end":{"line":44,"column":null}}},"fnMap":{"0":{"name":"(anonymous_2)","decl":{"start":{"line":25,"column":2},"end":{"line":25,"column":null}},"loc":{"start":{"line":27,"column":42},"end":{"line":34,"column":3}}},"1":{"name":"(anonymous_3)","decl":{"start":{"line":36,"column":2},"end":{"line":36,"column":7}},"loc":{"start":{"line":36,"column":36},"end":{"line":43,"column":3}}}},"branchMap":{"0":{"loc":{"start":{"line":41,"column":4},"end":{"line":41,"column":82}},"type":"if","locations":[{"start":{"line":41,"column":4},"end":{"line":41,"column":82}}]}},"s":{"0":2,"1":2,"2":2,"3":2,"4":2,"5":2,"6":3,"7":3,"8":2,"9":2,"10":1,"11":1,"12":2,"13":2},"f":{"0":3,"1":2},"b":{"0":[1]}}
,"/Users/christian/Code/orange-collar-jobs/src/api/src/core/auth/me.controller.ts": {"path":"/Users/christian/Code/orange-collar-jobs/src/api/src/core/auth/me.controller.ts","statementMap":{"0":{"start":{"line":1,"column":0},"end":{"line":1,"column":49}},"1":{"start":{"line":2,"column":0},"end":{"line":2,"column":96}},"2":{"start":{"line":3,"column":0},"end":{"line":3,"column":58}},"3":{"start":{"line":15,"column":7},"end":{"line":27,"column":null}},"4":{"start":{"line":25,"column":4},"end":{"line":25,"column":16}},"5":{"start":{"line":15,"column":13},"end":{"line":15,"column":25}},"6":{"start":{"line":24,"column":2},"end":{"line":26,"column":null}},"7":{"start":{"line":15,"column":13},"end":{"line":27,"column":null}}},"fnMap":{"0":{"name":"(anonymous_4)","decl":{"start":{"line":24,"column":2},"end":{"line":24,"column":7}},"loc":{"start":{"line":24,"column":37},"end":{"line":26,"column":3}}}},"branchMap":{},"s":{"0":2,"1":2,"2":2,"3":2,"4":3,"5":2,"6":2,"7":2},"f":{"0":3},"b":{}}
,"/Users/christian/Code/orange-collar-jobs/src/api/src/core/auth/public.decorator.ts": {"path":"/Users/christian/Code/orange-collar-jobs/src/api/src/core/auth/public.decorator.ts","statementMap":{"0":{"start":{"line":1,"column":0},"end":{"line":1,"column":45}},"1":{"start":{"line":3,"column":13},"end":{"line":3,"column":40}},"2":{"start":{"line":4,"column":22},"end":{"line":4,"column":92}},"3":{"start":{"line":4,"column":60},"end":{"line":4,"column":92}},"4":{"start":{"line":4,"column":13},"end":{"line":4,"column":22}}},"fnMap":{"0":{"name":"(anonymous_0)","decl":{"start":{"line":4,"column":22},"end":{"line":4,"column":57}},"loc":{"start":{"line":4,"column":60},"end":{"line":4,"column":92}}}},"branchMap":{},"s":{"0":4,"1":4,"2":4,"3":3,"4":4},"f":{"0":3},"b":{}}
,"/Users/christian/Code/orange-collar-jobs/src/api/src/core/auth/roles.decorator.ts": {"path":"/Users/christian/Code/orange-collar-jobs/src/api/src/core/auth/roles.decorator.ts","statementMap":{"0":{"start":{"line":1,"column":0},"end":{"line":1,"column":45}},"1":{"start":{"line":4,"column":13},"end":{"line":4,"column":33}},"2":{"start":{"line":5,"column":21},"end":{"line":6,"column":31}},"3":{"start":{"line":6,"column":2},"end":{"line":6,"column":31}},"4":{"start":{"line":5,"column":13},"end":{"line":5,"column":21}}},"fnMap":{"0":{"name":"(anonymous_0)","decl":{"start":{"line":5,"column":21},"end":{"line":5,"column":22}},"loc":{"start":{"line":6,"column":2},"end":{"line":6,"column":31}}}},"branchMap":{},"s":{"0":3,"1":3,"2":3,"3":2,"4":3},"f":{"0":2},"b":{}}
,"/Users/christian/Code/orange-collar-jobs/src/api/src/core/auth/roles.guard.ts": {"path":"/Users/christian/Code/orange-collar-jobs/src/api/src/core/auth/roles.guard.ts","statementMap":{"0":{"start":{"line":1,"column":0},"end":{"line":1,"column":75}},"1":{"start":{"line":2,"column":0},"end":{"line":2,"column":41}},"2":{"start":{"line":4,"column":0},"end":{"line":4,"column":49}},"3":{"start":{"line":5,"column":0},"end":{"line":5,"column":52}},"4":{"start":{"line":9,"column":7},"end":{"line":27,"column":null}},"5":{"start":{"line":10,"column":31},"end":{"line":10,"column":42}},"6":{"start":{"line":13,"column":21},"end":{"line":16,"column":6}},"7":{"start":{"line":17,"column":4},"end":{"line":17,"column":56}},"8":{"start":{"line":17,"column":44},"end":{"line":17,"column":56}},"9":{"start":{"line":19,"column":20},"end":{"line":19,"column":76}},"10":{"start":{"line":20,"column":17},"end":{"line":20,"column":29}},"11":{"start":{"line":21,"column":4},"end":{"line":21,"column":67}},"12":{"start":{"line":21,"column":15},"end":{"line":21,"column":67}},"13":{"start":{"line":22,"column":4},"end":{"line":24,"column":5}},"14":{"start":{"line":23,"column":6},"end":{"line":23,"column":90}},"15":{"start":{"line":25,"column":4},"end":{"line":25,"column":16}},"16":{"start":{"line":9,"column":13},"end":{"line":9,"column":23}},"17":{"start":{"line":9,"column":13},"end":{"line":27,"column":null}}},"fnMap":{"0":{"name":"(anonymous_2)","decl":{"start":{"line":10,"column":2},"end":{"line":10,"column":31}},"loc":{"start":{"line":10,"column":51},"end":{"line":10,"column":55}}},"1":{"name":"(anonymous_3)","decl":{"start":{"line":12,"column":2},"end":{"line":12,"column":13}},"loc":{"start":{"line":12,"column":39},"end":{"line":26,"column":3}}}},"branchMap":{"0":{"loc":{"start":{"line":17,"column":4},"end":{"line":17,"column":56}},"type":"if","locations":[{"start":{"line":17,"column":4},"end":{"line":17,"column":56}}]},"1":{"loc":{"start":{"line":17,"column":8},"end":{"line":17,"column":42}},"type":"binary-expr","locations":[{"start":{"line":17,"column":8},"end":{"line":17,"column":17}},{"start":{"line":17,"column":21},"end":{"line":17,"column":42}}]},"2":{"loc":{"start":{"line":21,"column":4},"end":{"line":21,"column":67}},"type":"if","locations":[{"start":{"line":21,"column":4},"end":{"line":21,"column":67}}]},"3":{"loc":{"start":{"line":22,"column":4},"end":{"line":24,"column":5}},"type":"if","locations":[{"start":{"line":22,"column":4},"end":{"line":24,"column":5}}]}},"s":{"0":2,"1":2,"2":2,"3":2,"4":2,"5":6,"6":5,"7":5,"8":2,"9":3,"10":3,"11":3,"12":1,"13":2,"14":1,"15":1,"16":2,"17":2},"f":{"0":6,"1":5},"b":{"0":[2],"1":[5,4],"2":[1],"3":[1]}}
,"/Users/christian/Code/orange-collar-jobs/src/api/src/core/config/env.schema.ts": {"path":"/Users/christian/Code/orange-collar-jobs/src/api/src/core/config/env.schema.ts","statementMap":{"0":{"start":{"line":1,"column":0},"end":{"line":1,"column":24}},"1":{"start":{"line":3,"column":13},"end":{"line":52,"column":3}},"2":{"start":{"line":10,"column":19},"end":{"line":10,"column":79}},"3":{"start":{"line":15,"column":19},"end":{"line":15,"column":79}},"4":{"start":{"line":20,"column":38},"end":{"line":20,"column":91}},"5":{"start":{"line":29,"column":45},"end":{"line":29,"column":96}}},"fnMap":{"0":{"name":"(anonymous_0)","decl":{"start":{"line":10,"column":12},"end":{"line":10,"column":13}},"loc":{"start":{"line":10,"column":19},"end":{"line":10,"column":79}}},"1":{"name":"(anonymous_1)","decl":{"start":{"line":15,"column":12},"end":{"line":15,"column":13}},"loc":{"start":{"line":15,"column":19},"end":{"line":15,"column":79}}},"2":{"name":"(anonymous_2)","decl":{"start":{"line":20,"column":31},"end":{"line":20,"column":32}},"loc":{"start":{"line":20,"column":38},"end":{"line":20,"column":91}}},"3":{"name":"(anonymous_3)","decl":{"start":{"line":29,"column":38},"end":{"line":29,"column":39}},"loc":{"start":{"line":29,"column":45},"end":{"line":29,"column":96}}}},"branchMap":{"0":{"loc":{"start":{"line":10,"column":19},"end":{"line":10,"column":79}},"type":"binary-expr","locations":[{"start":{"line":10,"column":19},"end":{"line":10,"column":48}},{"start":{"line":10,"column":52},"end":{"line":10,"column":79}}]},"1":{"loc":{"start":{"line":15,"column":19},"end":{"line":15,"column":79}},"type":"binary-expr","locations":[{"start":{"line":15,"column":19},"end":{"line":15,"column":48}},{"start":{"line":15,"column":52},"end":{"line":15,"column":79}}]},"2":{"loc":{"start":{"line":20,"column":38},"end":{"line":20,"column":91}},"type":"binary-expr","locations":[{"start":{"line":20,"column":38},"end":{"line":20,"column":62}},{"start":{"line":20,"column":66},"end":{"line":20,"column":91}}]},"3":{"loc":{"start":{"line":29,"column":45},"end":{"line":29,"column":96}},"type":"binary-expr","locations":[{"start":{"line":29,"column":45},"end":{"line":29,"column":68}},{"start":{"line":29,"column":72},"end":{"line":29,"column":96}}]}},"s":{"0":5,"1":5,"2":15,"3":7,"4":16,"5":16},"f":{"0":15,"1":7,"2":16,"3":16},"b":{"0":[15,1],"1":[7,1],"2":[16,2],"3":[16,1]}}
,"/Users/christian/Code/orange-collar-jobs/src/api/src/core/database/prisma.service.ts": {"path":"/Users/christian/Code/orange-collar-jobs/src/api/src/core/database/prisma.service.ts","statementMap":{"0":{"start":{"line":1,"column":0},"end":{"line":1,"column":83}},"1":{"start":{"line":2,"column":0},"end":{"line":2,"column":46}},"2":{"start":{"line":5,"column":26},"end":{"line":17,"column":null}},"3":{"start":{"line":6,"column":28},"end":{"line":6,"column":58}},"4":{"start":{"line":9,"column":4},"end":{"line":9,"column":26}},"5":{"start":{"line":10,"column":4},"end":{"line":10,"column":42}},"6":{"start":{"line":14,"column":4},"end":{"line":14,"column":29}},"7":{"start":{"line":15,"column":4},"end":{"line":15,"column":45}},"8":{"start":{"line":5,"column":13},"end":{"line":5,"column":26}},"9":{"start":{"line":5,"column":13},"end":{"line":17,"column":null}}},"fnMap":{"0":{"name":"(anonymous_1)","decl":{"start":{"line":8,"column":2},"end":{"line":8,"column":7}},"loc":{"start":{"line":8,"column":20},"end":{"line":11,"column":3}}},"1":{"name":"(anonymous_2)","decl":{"start":{"line":13,"column":2},"end":{"line":13,"column":7}},"loc":{"start":{"line":13,"column":23},"end":{"line":16,"column":3}}}},"branchMap":{},"s":{"0":4,"1":4,"2":4,"3":5,"4":1,"5":1,"6":2,"7":2,"8":4,"9":4},"f":{"0":1,"1":2},"b":{}}
,"/Users/christian/Code/orange-collar-jobs/src/api/src/core/email/email.service.ts": {"path":"/Users/christian/Code/orange-collar-jobs/src/api/src/core/email/email.service.ts","statementMap":{"0":{"start":{"line":1,"column":0},"end":{"line":1,"column":52}},"1":{"start":{"line":2,"column":0},"end":{"line":2,"column":47}},"2":{"start":{"line":17,"column":25},"end":{"line":80,"column":null}},"3":{"start":{"line":18,"column":28},"end":{"line":18,"column":57}},"4":{"start":{"line":25,"column":4},"end":{"line":25,"column":74}},"5":{"start":{"line":26,"column":4},"end":{"line":26,"column":96}},"6":{"start":{"line":27,"column":4},"end":{"line":27,"column":86}},"7":{"start":{"line":28,"column":4},"end":{"line":28,"column":69}},"8":{"start":{"line":32,"column":4},"end":{"line":37,"column":5}},"9":{"start":{"line":33,"column":6},"end":{"line":35,"column":8}},"10":{"start":{"line":36,"column":6},"end":{"line":36,"column":13}},"11":{"start":{"line":39,"column":16},"end":{"line":52,"column":6}},"12":{"start":{"line":54,"column":4},"end":{"line":58,"column":5}},"13":{"start":{"line":55,"column":19},"end":{"line":55,"column":35}},"14":{"start":{"line":56,"column":6},"end":{"line":56,"column":63}},"15":{"start":{"line":57,"column":6},"end":{"line":57,"column":63}},"16":{"start":{"line":62,"column":17},"end":{"line":62,"column":57}},"17":{"start":{"line":63,"column":4},"end":{"line":68,"column":7}},"18":{"start":{"line":72,"column":17},"end":{"line":72,"column":59}},"19":{"start":{"line":73,"column":4},"end":{"line":78,"column":7}},"20":{"start":{"line":17,"column":13},"end":{"line":17,"column":25}},"21":{"start":{"line":17,"column":13},"end":{"line":80,"column":null}}},"fnMap":{"0":{"name":"(anonymous_2)","decl":{"start":{"line":24,"column":2},"end":{"line":24,"column":14}},"loc":{"start":{"line":24,"column":40},"end":{"line":29,"column":3}}},"1":{"name":"(anonymous_3)","decl":{"start":{"line":31,"column":2},"end":{"line":31,"column":7}},"loc":{"start":{"line":31,"column":38},"end":{"line":59,"column":3}}},"2":{"name":"(anonymous_4)","decl":{"start":{"line":61,"column":2},"end":{"line":61,"column":23}},"loc":{"start":{"line":61,"column":66},"end":{"line":69,"column":3}}},"3":{"name":"(anonymous_5)","decl":{"start":{"line":71,"column":2},"end":{"line":71,"column":24}},"loc":{"start":{"line":71,"column":67},"end":{"line":79,"column":3}}}},"branchMap":{"0":{"loc":{"start":{"line":26,"column":23},"end":{"line":26,"column":95}},"type":"binary-expr","locations":[{"start":{"line":26,"column":23},"end":{"line":26,"column":64}},{"start":{"line":26,"column":68},"end":{"line":26,"column":95}}]},"1":{"loc":{"start":{"line":27,"column":20},"end":{"line":27,"column":85}},"type":"binary-expr","locations":[{"start":{"line":27,"column":20},"end":{"line":27,"column":66}},{"start":{"line":27,"column":70},"end":{"line":27,"column":85}}]},"2":{"loc":{"start":{"line":28,"column":18},"end":{"line":28,"column":68}},"type":"binary-expr","locations":[{"start":{"line":28,"column":18},"end":{"line":28,"column":62}},{"start":{"line":28,"column":66},"end":{"line":28,"column":68}}]},"3":{"loc":{"start":{"line":32,"column":4},"end":{"line":37,"column":5}},"type":"if","locations":[{"start":{"line":32,"column":4},"end":{"line":37,"column":5}}]},"4":{"loc":{"start":{"line":34,"column":72},"end":{"line":34,"column":100}},"type":"binary-expr","locations":[{"start":{"line":34,"column":72},"end":{"line":34,"column":84}},{"start":{"line":34,"column":88},"end":{"line":34,"column":100}}]},"5":{"loc":{"start":{"line":54,"column":4},"end":{"line":58,"column":5}},"type":"if","locations":[{"start":{"line":54,"column":4},"end":{"line":58,"column":5}}]}},"s":{"0":1,"1":1,"2":1,"3":10,"4":10,"5":10,"6":10,"7":10,"8":10,"9":4,"10":4,"11":6,"12":6,"13":1,"14":1,"15":1,"16":2,"17":2,"18":2,"19":2,"20":1,"21":1},"f":{"0":10,"1":10,"2":2,"3":2},"b":{"0":[10,5],"1":[10,5],"2":[10,4],"3":[4],"4":[4,2],"5":[1]}}
,"/Users/christian/Code/orange-collar-jobs/src/api/src/core/error/errors.ts": {"path":"/Users/christian/Code/orange-collar-jobs/src/api/src/core/error/errors.ts","statementMap":{"0":{"start":{"line":8,"column":4},"end":{"line":8,"column":19}},"1":{"start":{"line":4,"column":20},"end":{"line":4,"column":32}},"2":{"start":{"line":5,"column":20},"end":{"line":5,"column":38}},"3":{"start":{"line":6,"column":20},"end":{"line":6,"column":53}},"4":{"start":{"line":9,"column":4},"end":{"line":9,"column":38}},"5":{"start":{"line":1,"column":0},"end":{"line":1,"column":13}},"6":{"start":{"line":15,"column":4},"end":{"line":19,"column":6}},"7":{"start":{"line":13,"column":0},"end":{"line":13,"column":13}},"8":{"start":{"line":25,"column":4},"end":{"line":25,"column":36}},"9":{"start":{"line":23,"column":0},"end":{"line":23,"column":13}},"10":{"start":{"line":31,"column":4},"end":{"line":31,"column":53}},"11":{"start":{"line":29,"column":0},"end":{"line":29,"column":13}},"12":{"start":{"line":37,"column":4},"end":{"line":37,"column":40}},"13":{"start":{"line":35,"column":0},"end":{"line":35,"column":13}},"14":{"start":{"line":43,"column":4},"end":{"line":43,"column":37}},"15":{"start":{"line":41,"column":0},"end":{"line":41,"column":13}},"16":{"start":{"line":49,"column":4},"end":{"line":54,"column":6}},"17":{"start":{"line":47,"column":0},"end":{"line":47,"column":13}},"18":{"start":{"line":60,"column":4},"end":{"line":60,"column":45}},"19":{"start":{"line":58,"column":0},"end":{"line":58,"column":13}}},"fnMap":{"0":{"name":"(anonymous_0)","decl":{"start":{"line":2,"column":2},"end":{"line":2,"column":null}},"loc":{"start":{"line":6,"column":53},"end":{"line":10,"column":3}}},"1":{"name":"(anonymous_1)","decl":{"start":{"line":14,"column":2},"end":{"line":14,"column":14}},"loc":{"start":{"line":14,"column":43},"end":{"line":20,"column":3}}},"2":{"name":"(anonymous_2)","decl":{"start":{"line":24,"column":2},"end":{"line":24,"column":14}},"loc":{"start":{"line":24,"column":29},"end":{"line":26,"column":3}}},"3":{"name":"(anonymous_3)","decl":{"start":{"line":30,"column":2},"end":{"line":30,"column":14}},"loc":{"start":{"line":30,"column":64},"end":{"line":32,"column":3}}},"4":{"name":"(anonymous_4)","decl":{"start":{"line":36,"column":2},"end":{"line":36,"column":14}},"loc":{"start":{"line":36,"column":38},"end":{"line":38,"column":3}}},"5":{"name":"(anonymous_5)","decl":{"start":{"line":42,"column":2},"end":{"line":42,"column":14}},"loc":{"start":{"line":42,"column":35},"end":{"line":44,"column":3}}},"6":{"name":"(anonymous_6)","decl":{"start":{"line":48,"column":2},"end":{"line":48,"column":14}},"loc":{"start":{"line":48,"column":38},"end":{"line":55,"column":3}}},"7":{"name":"(anonymous_7)","decl":{"start":{"line":59,"column":2},"end":{"line":59,"column":14}},"loc":{"start":{"line":59,"column":43},"end":{"line":61,"column":3}}}},"branchMap":{"0":{"loc":{"start":{"line":16,"column":6},"end":{"line":16,"column":76}},"type":"cond-expr","locations":[{"start":{"line":16,"column":11},"end":{"line":16,"column":50}},{"start":{"line":16,"column":53},"end":{"line":16,"column":76}}]},"1":{"loc":{"start":{"line":36,"column":14},"end":{"line":36,"column":38}},"type":"default-arg","locations":[{"start":{"line":36,"column":24},"end":{"line":36,"column":38}}]},"2":{"loc":{"start":{"line":42,"column":14},"end":{"line":42,"column":35}},"type":"default-arg","locations":[{"start":{"line":42,"column":24},"end":{"line":42,"column":35}}]},"3":{"loc":{"start":{"line":59,"column":14},"end":{"line":59,"column":43}},"type":"default-arg","locations":[{"start":{"line":59,"column":24},"end":{"line":59,"column":43}}]}},"s":{"0":19,"1":19,"2":19,"3":19,"4":19,"5":5,"6":3,"7":5,"8":1,"9":5,"10":2,"11":5,"12":2,"13":5,"14":5,"15":5,"16":1,"17":5,"18":1,"19":5},"f":{"0":19,"1":3,"2":1,"3":2,"4":2,"5":5,"6":1,"7":1},"b":{"0":[2,1],"1":[1],"2":[2],"3":[1]}}
,"/Users/christian/Code/orange-collar-jobs/src/api/src/core/error/global-exception.filter.ts": {"path":"/Users/christian/Code/orange-collar-jobs/src/api/src/core/error/global-exception.filter.ts","statementMap":{"0":{"start":{"line":1,"column":0},"end":{"line":1,"column":null}},"1":{"start":{"line":10,"column":0},"end":{"line":10,"column":39}},"2":{"start":{"line":19,"column":34},"end":{"line":59,"column":null}},"3":{"start":{"line":20,"column":28},"end":{"line":20,"column":66}},"4":{"start":{"line":23,"column":16},"end":{"line":23,"column":35}},"5":{"start":{"line":24,"column":21},"end":{"line":24,"column":48}},"6":{"start":{"line":25,"column":20},"end":{"line":25,"column":45}},"7":{"start":{"line":30,"column":4},"end":{"line":55,"column":5}},"8":{"start":{"line":31,"column":6},"end":{"line":31,"column":36}},"9":{"start":{"line":32,"column":6},"end":{"line":32,"column":66}},"10":{"start":{"line":33,"column":6},"end":{"line":33,"column":62}},"11":{"start":{"line":33,"column":29},"end":{"line":33,"column":62}},"12":{"start":{"line":34,"column":11},"end":{"line":55,"column":5}},"13":{"start":{"line":35,"column":6},"end":{"line":35,"column":37}},"14":{"start":{"line":36,"column":18},"end":{"line":36,"column":41}},"15":{"start":{"line":37,"column":6},"end":{"line":47,"column":7}},"16":{"start":{"line":38,"column":8},"end":{"line":38,"column":52}},"17":{"start":{"line":40,"column":18},"end":{"line":40,"column":48}},"18":{"start":{"line":41,"column":8},"end":{"line":46,"column":10}},"19":{"start":{"line":49,"column":6},"end":{"line":49,"column":48}},"20":{"start":{"line":50,"column":6},"end":{"line":50,"column":88}},"21":{"start":{"line":51,"column":6},"end":{"line":54,"column":8}},"22":{"start":{"line":57,"column":4},"end":{"line":57,"column":39}},"23":{"start":{"line":19,"column":13},"end":{"line":19,"column":34}},"24":{"start":{"line":19,"column":13},"end":{"line":59,"column":null}}},"fnMap":{"0":{"name":"(anonymous_1)","decl":{"start":{"line":22,"column":2},"end":{"line":22,"column":7}},"loc":{"start":{"line":22,"column":47},"end":{"line":58,"column":3}}}},"branchMap":{"0":{"loc":{"start":{"line":30,"column":4},"end":{"line":55,"column":5}},"type":"if","locations":[{"start":{"line":30,"column":4},"end":{"line":55,"column":5}},{"start":{"line":34,"column":11},"end":{"line":55,"column":5}}]},"1":{"loc":{"start":{"line":33,"column":6},"end":{"line":33,"column":62}},"type":"if","locations":[{"start":{"line":33,"column":6},"end":{"line":33,"column":62}}]},"2":{"loc":{"start":{"line":34,"column":11},"end":{"line":55,"column":5}},"type":"if","locations":[{"start":{"line":34,"column":11},"end":{"line":55,"column":5}},{"start":{"line":48,"column":11},"end":{"line":55,"column":5}}]},"3":{"loc":{"start":{"line":37,"column":6},"end":{"line":47,"column":7}},"type":"if","locations":[{"start":{"line":37,"column":6},"end":{"line":47,"column":7}},{"start":{"line":39,"column":13},"end":{"line":47,"column":7}}]},"4":{"loc":{"start":{"line":42,"column":17},"end":{"line":42,"column":66}},"type":"binary-expr","locations":[{"start":{"line":42,"column":17},"end":{"line":42,"column":50}},{"start":{"line":42,"column":54},"end":{"line":42,"column":66}}]},"5":{"loc":{"start":{"line":43,"column":19},"end":{"line":45,"column":73}},"type":"cond-expr","locations":[{"start":{"line":44,"column":15},"end":{"line":44,"column":51}},{"start":{"line":45,"column":15},"end":{"line":45,"column":73}}]},"6":{"loc":{"start":{"line":45,"column":15},"end":{"line":45,"column":73}},"type":"binary-expr","locations":[{"start":{"line":45,"column":15},"end":{"line":45,"column":50}},{"start":{"line":45,"column":54},"end":{"line":45,"column":73}}]}},"s":{"0":3,"1":3,"2":3,"3":7,"4":10,"5":10,"6":10,"7":10,"8":4,"9":4,"10":4,"11":1,"12":6,"13":5,"14":5,"15":5,"16":2,"17":3,"18":3,"19":1,"20":1,"21":1,"22":10,"23":3,"24":3},"f":{"0":10},"b":{"0":[4,6],"1":[1],"2":[5,1],"3":[2,3],"4":[3,2],"5":[1,2],"6":[2,1]}}
,"/Users/christian/Code/orange-collar-jobs/src/api/src/core/health/health.controller.ts": {"path":"/Users/christian/Code/orange-collar-jobs/src/api/src/core/health/health.controller.ts","statementMap":{"0":{"start":{"line":1,"column":0},"end":{"line":1,"column":66}},"1":{"start":{"line":2,"column":0},"end":{"line":2,"column":47}},"2":{"start":{"line":3,"column":0},"end":{"line":3,"column":null}},"3":{"start":{"line":9,"column":0},"end":{"line":9,"column":56}},"4":{"start":{"line":11,"column":0},"end":{"line":11,"column":62}},"5":{"start":{"line":12,"column":0},"end":{"line":12,"column":53}},"6":{"start":{"line":13,"column":0},"end":{"line":13,"column":67}},"7":{"start":{"line":14,"column":0},"end":{"line":14,"column":71}},"8":{"start":{"line":17,"column":30},"end":{"line":17,"column":47}},"9":{"start":{"line":27,"column":7},"end":{"line":55,"column":null}},"10":{"start":{"line":29,"column":21},"end":{"line":29,"column":29}},"11":{"start":{"line":30,"column":21},"end":{"line":30,"column":38}},"12":{"start":{"line":31,"column":21},"end":{"line":31,"column":37}},"13":{"start":{"line":32,"column":21},"end":{"line":32,"column":39}},"14":{"start":{"line":33,"column":21},"end":{"line":33,"column":29}},"15":{"start":{"line":34,"column":21},"end":{"line":34,"column":29}},"16":{"start":{"line":35,"column":21},"end":{"line":35,"column":29}},"17":{"start":{"line":43,"column":23},"end":{"line":47,"column":6}},"18":{"start":{"line":44,"column":12},"end":{"line":44,"column":61}},"19":{"start":{"line":45,"column":12},"end":{"line":45,"column":50}},"20":{"start":{"line":46,"column":12},"end":{"line":46,"column":54}},"21":{"start":{"line":49,"column":4},"end":{"line":51,"column":5}},"22":{"start":{"line":50,"column":6},"end":{"line":50,"column":89}},"23":{"start":{"line":50,"column":28},"end":{"line":50,"column":87}},"24":{"start":{"line":53,"column":4},"end":{"line":53,"column":41}},"25":{"start":{"line":27,"column":13},"end":{"line":27,"column":29}},"26":{"start":{"line":42,"column":2},"end":{"line":54,"column":null}},"27":{"start":{"line":27,"column":13},"end":{"line":55,"column":null}}},"fnMap":{"0":{"name":"(anonymous_2)","decl":{"start":{"line":28,"column":2},"end":{"line":28,"column":null}},"loc":{"start":{"line":35,"column":47},"end":{"line":36,"column":6}}},"1":{"name":"(anonymous_3)","decl":{"start":{"line":42,"column":2},"end":{"line":42,"column":7}},"loc":{"start":{"line":42,"column":7},"end":{"line":54,"column":3}}},"2":{"name":"(anonymous_4)","decl":{"start":{"line":44,"column":6},"end":{"line":44,"column":9}},"loc":{"start":{"line":44,"column":12},"end":{"line":44,"column":61}}},"3":{"name":"(anonymous_5)","decl":{"start":{"line":45,"column":6},"end":{"line":45,"column":9}},"loc":{"start":{"line":45,"column":12},"end":{"line":45,"column":50}}},"4":{"name":"(anonymous_6)","decl":{"start":{"line":46,"column":6},"end":{"line":46,"column":9}},"loc":{"start":{"line":46,"column":12},"end":{"line":46,"column":54}}},"5":{"name":"(anonymous_7)","decl":{"start":{"line":50,"column":22},"end":{"line":50,"column":25}},"loc":{"start":{"line":50,"column":28},"end":{"line":50,"column":87}}}},"branchMap":{"0":{"loc":{"start":{"line":49,"column":4},"end":{"line":51,"column":5}},"type":"if","locations":[{"start":{"line":49,"column":4},"end":{"line":51,"column":5}}]}},"s":{"0":2,"1":2,"2":2,"3":2,"4":2,"5":2,"6":2,"7":2,"8":2,"9":2,"10":3,"11":3,"12":3,"13":3,"14":3,"15":3,"16":3,"17":2,"18":2,"19":2,"20":2,"21":2,"22":1,"23":1,"24":2,"25":2,"26":2,"27":2},"f":{"0":3,"1":2,"2":2,"3":2,"4":2,"5":1},"b":{"0":[1]}}
,"/Users/christian/Code/orange-collar-jobs/src/api/src/core/health/redis-health.indicator.ts": {"path":"/Users/christian/Code/orange-collar-jobs/src/api/src/core/health/redis-health.indicator.ts","statementMap":{"0":{"start":{"line":1,"column":0},"end":{"line":1,"column":44}},"1":{"start":{"line":2,"column":0},"end":{"line":2,"column":92}},"2":{"start":{"line":3,"column":0},"end":{"line":3,"column":47}},"3":{"start":{"line":4,"column":0},"end":{"line":4,"column":28}},"4":{"start":{"line":8,"column":7},"end":{"line":28,"column":null}},"5":{"start":{"line":10,"column":4},"end":{"line":10,"column":12}},"6":{"start":{"line":9,"column":31},"end":{"line":9,"column":39}},"7":{"start":{"line":14,"column":19},"end":{"line":17,"column":6}},"8":{"start":{"line":19,"column":4},"end":{"line":26,"column":5}},"9":{"start":{"line":20,"column":6},"end":{"line":20,"column":26}},"10":{"start":{"line":21,"column":6},"end":{"line":21,"column":26}},"11":{"start":{"line":22,"column":6},"end":{"line":22,"column":39}},"12":{"start":{"line":24,"column":6},"end":{"line":24,"column":49}},"13":{"start":{"line":24,"column":38},"end":{"line":24,"column":47}},"14":{"start":{"line":25,"column":6},"end":{"line":25,"column":92}},"15":{"start":{"line":8,"column":13},"end":{"line":8,"column":33}},"16":{"start":{"line":8,"column":13},"end":{"line":28,"column":null}}},"fnMap":{"0":{"name":"(anonymous_3)","decl":{"start":{"line":9,"column":2},"end":{"line":9,"column":31}},"loc":{"start":{"line":9,"column":57},"end":{"line":11,"column":3}}},"1":{"name":"(anonymous_4)","decl":{"start":{"line":13,"column":2},"end":{"line":13,"column":7}},"loc":{"start":{"line":13,"column":29},"end":{"line":27,"column":3}}},"2":{"name":"(anonymous_5)","decl":{"start":{"line":24,"column":32},"end":{"line":24,"column":35}},"loc":{"start":{"line":24,"column":38},"end":{"line":24,"column":47}}}},"branchMap":{},"s":{"0":3,"1":3,"2":3,"3":3,"4":3,"5":3,"6":3,"7":2,"8":2,"9":2,"10":1,"11":1,"12":1,"13":0,"14":1,"15":3,"16":3},"f":{"0":3,"1":2,"2":0},"b":{}}
,"/Users/christian/Code/orange-collar-jobs/src/api/src/core/health/storage-health.indicator.ts": {"path":"/Users/christian/Code/orange-collar-jobs/src/api/src/core/health/storage-health.indicator.ts","statementMap":{"0":{"start":{"line":1,"column":0},"end":{"line":1,"column":44}},"1":{"start":{"line":2,"column":0},"end":{"line":2,"column":92}},"2":{"start":{"line":3,"column":0},"end":{"line":3,"column":63}},"3":{"start":{"line":6,"column":7},"end":{"line":19,"column":null}},"4":{"start":{"line":8,"column":4},"end":{"line":8,"column":12}},"5":{"start":{"line":7,"column":31},"end":{"line":7,"column":40}},"6":{"start":{"line":12,"column":4},"end":{"line":17,"column":5}},"7":{"start":{"line":13,"column":6},"end":{"line":13,"column":32}},"8":{"start":{"line":14,"column":6},"end":{"line":14,"column":39}},"9":{"start":{"line":16,"column":6},"end":{"line":16,"column":94}},"10":{"start":{"line":6,"column":13},"end":{"line":6,"column":35}},"11":{"start":{"line":6,"column":13},"end":{"line":19,"column":null}}},"fnMap":{"0":{"name":"(anonymous_2)","decl":{"start":{"line":7,"column":2},"end":{"line":7,"column":31}},"loc":{"start":{"line":7,"column":54},"end":{"line":9,"column":3}}},"1":{"name":"(anonymous_3)","decl":{"start":{"line":11,"column":2},"end":{"line":11,"column":7}},"loc":{"start":{"line":11,"column":29},"end":{"line":18,"column":3}}}},"branchMap":{},"s":{"0":3,"1":3,"2":3,"3":3,"4":3,"5":3,"6":2,"7":2,"8":1,"9":1,"10":3,"11":3},"f":{"0":3,"1":2},"b":{}}
,"/Users/christian/Code/orange-collar-jobs/src/api/src/core/sms/sms.service.ts": {"path":"/Users/christian/Code/orange-collar-jobs/src/api/src/core/sms/sms.service.ts","statementMap":{"0":{"start":{"line":1,"column":0},"end":{"line":1,"column":62}},"1":{"start":{"line":2,"column":0},"end":{"line":2,"column":47}},"2":{"start":{"line":3,"column":0},"end":{"line":3,"column":28}},"3":{"start":{"line":7,"column":23},"end":{"line":102,"column":null}},"4":{"start":{"line":8,"column":50},"end":{"line":8,"column":54}},"5":{"start":{"line":9,"column":41},"end":{"line":9,"column":45}},"6":{"start":{"line":10,"column":53},"end":{"line":10,"column":57}},"7":{"start":{"line":11,"column":28},"end":{"line":11,"column":55}},"8":{"start":{"line":14,"column":23},"end":{"line":14,"column":73}},"9":{"start":{"line":15,"column":22},"end":{"line":15,"column":71}},"10":{"start":{"line":17,"column":4},"end":{"line":23,"column":5}},"11":{"start":{"line":18,"column":6},"end":{"line":18,"column":50}},"12":{"start":{"line":19,"column":6},"end":{"line":19,"column":77}},"13":{"start":{"line":20,"column":6},"end":{"line":20,"column":96}},"14":{"start":{"line":22,"column":6},"end":{"line":22,"column":84}},"15":{"start":{"line":31,"column":4},"end":{"line":34,"column":5}},"16":{"start":{"line":32,"column":6},"end":{"line":32,"column":70}},"17":{"start":{"line":33,"column":6},"end":{"line":33,"column":13}},"18":{"start":{"line":35,"column":4},"end":{"line":37,"column":45}},"19":{"start":{"line":38,"column":4},"end":{"line":38,"column":70}},"20":{"start":{"line":42,"column":4},"end":{"line":45,"column":5}},"21":{"start":{"line":43,"column":6},"end":{"line":43,"column":72}},"22":{"start":{"line":44,"column":6},"end":{"line":44,"column":19}},"23":{"start":{"line":46,"column":19},"end":{"line":48,"column":46}},"24":{"start":{"line":49,"column":4},"end":{"line":49,"column":40}},"25":{"start":{"line":54,"column":4},"end":{"line":54,"column":34}},"26":{"start":{"line":54,"column":22},"end":{"line":54,"column":34}},"27":{"start":{"line":55,"column":4},"end":{"line":63,"column":5}},"28":{"start":{"line":56,"column":21},"end":{"line":58,"column":8}},"29":{"start":{"line":59,"column":24},"end":{"line":59,"column":91}},"30":{"start":{"line":60,"column":6},"end":{"line":60,"column":66}},"31":{"start":{"line":62,"column":6},"end":{"line":62,"column":19}},"32":{"start":{"line":68,"column":4},"end":{"line":68,"column":43}},"33":{"start":{"line":68,"column":36},"end":{"line":68,"column":43}},"34":{"start":{"line":69,"column":4},"end":{"line":73,"column":7}},"35":{"start":{"line":81,"column":4},"end":{"line":81,"column":43}},"36":{"start":{"line":81,"column":36},"end":{"line":81,"column":43}},"37":{"start":{"line":82,"column":4},"end":{"line":86,"column":7}},"38":{"start":{"line":95,"column":4},"end":{"line":95,"column":43}},"39":{"start":{"line":95,"column":36},"end":{"line":95,"column":43}},"40":{"start":{"line":96,"column":4},"end":{"line":100,"column":7}},"41":{"start":{"line":7,"column":13},"end":{"line":7,"column":23}},"42":{"start":{"line":7,"column":13},"end":{"line":102,"column":null}}},"fnMap":{"0":{"name":"(anonymous_5)","decl":{"start":{"line":13,"column":2},"end":{"line":13,"column":15}},"loc":{"start":{"line":13,"column":53},"end":{"line":24,"column":3}}},"1":{"name":"(anonymous_6)","decl":{"start":{"line":27,"column":2},"end":{"line":27,"column":7}},"loc":{"start":{"line":29,"column":49},"end":{"line":39,"column":3}}},"2":{"name":"(anonymous_7)","decl":{"start":{"line":41,"column":2},"end":{"line":41,"column":7}},"loc":{"start":{"line":41,"column":54},"end":{"line":50,"column":3}}},"3":{"name":"(anonymous_8)","decl":{"start":{"line":53,"column":2},"end":{"line":53,"column":7}},"loc":{"start":{"line":53,"column":41},"end":{"line":64,"column":3}}},"4":{"name":"(anonymous_9)","decl":{"start":{"line":67,"column":2},"end":{"line":67,"column":7}},"loc":{"start":{"line":67,"column":74},"end":{"line":74,"column":3}}},"5":{"name":"(anonymous_10)","decl":{"start":{"line":76,"column":2},"end":{"line":76,"column":7}},"loc":{"start":{"line":79,"column":25},"end":{"line":87,"column":3}}},"6":{"name":"(anonymous_11)","decl":{"start":{"line":89,"column":2},"end":{"line":89,"column":7}},"loc":{"start":{"line":93,"column":20},"end":{"line":101,"column":3}}}},"branchMap":{"0":{"loc":{"start":{"line":17,"column":4},"end":{"line":23,"column":5}},"type":"if","locations":[{"start":{"line":17,"column":4},"end":{"line":23,"column":5}},{"start":{"line":21,"column":11},"end":{"line":23,"column":5}}]},"1":{"loc":{"start":{"line":17,"column":8},"end":{"line":17,"column":31}},"type":"binary-expr","locations":[{"start":{"line":17,"column":8},"end":{"line":17,"column":18}},{"start":{"line":17,"column":22},"end":{"line":17,"column":31}}]},"2":{"loc":{"start":{"line":19,"column":18},"end":{"line":19,"column":76}},"type":"binary-expr","locations":[{"start":{"line":19,"column":18},"end":{"line":19,"column":68}},{"start":{"line":19,"column":72},"end":{"line":19,"column":76}}]},"3":{"loc":{"start":{"line":20,"column":30},"end":{"line":20,"column":95}},"type":"binary-expr","locations":[{"start":{"line":20,"column":30},"end":{"line":20,"column":87}},{"start":{"line":20,"column":91},"end":{"line":20,"column":95}}]},"4":{"loc":{"start":{"line":29,"column":4},"end":{"line":29,"column":49}},"type":"default-arg","locations":[{"start":{"line":29,"column":44},"end":{"line":29,"column":49}}]},"5":{"loc":{"start":{"line":31,"column":4},"end":{"line":34,"column":5}},"type":"if","locations":[{"start":{"line":31,"column":4},"end":{"line":34,"column":5}}]},"6":{"loc":{"start":{"line":31,"column":8},"end":{"line":31,"column":46}},"type":"binary-expr","locations":[{"start":{"line":31,"column":8},"end":{"line":31,"column":20}},{"start":{"line":31,"column":24},"end":{"line":31,"column":46}}]},"7":{"loc":{"start":{"line":42,"column":4},"end":{"line":45,"column":5}},"type":"if","locations":[{"start":{"line":42,"column":4},"end":{"line":45,"column":5}}]},"8":{"loc":{"start":{"line":42,"column":8},"end":{"line":42,"column":46}},"type":"binary-expr","locations":[{"start":{"line":42,"column":8},"end":{"line":42,"column":20}},{"start":{"line":42,"column":24},"end":{"line":42,"column":46}}]},"9":{"loc":{"start":{"line":54,"column":4},"end":{"line":54,"column":34}},"type":"if","locations":[{"start":{"line":54,"column":4},"end":{"line":54,"column":34}}]},"10":{"loc":{"start":{"line":60,"column":13},"end":{"line":60,"column":65}},"type":"binary-expr","locations":[{"start":{"line":60,"column":13},"end":{"line":60,"column":34}},{"start":{"line":60,"column":38},"end":{"line":60,"column":65}}]},"11":{"loc":{"start":{"line":68,"column":4},"end":{"line":68,"column":43}},"type":"if","locations":[{"start":{"line":68,"column":4},"end":{"line":68,"column":43}}]},"12":{"loc":{"start":{"line":68,"column":8},"end":{"line":68,"column":34}},"type":"binary-expr","locations":[{"start":{"line":68,"column":8},"end":{"line":68,"column":20}},{"start":{"line":68,"column":24},"end":{"line":68,"column":34}}]},"13":{"loc":{"start":{"line":81,"column":4},"end":{"line":81,"column":43}},"type":"if","locations":[{"start":{"line":81,"column":4},"end":{"line":81,"column":43}}]},"14":{"loc":{"start":{"line":81,"column":8},"end":{"line":81,"column":34}},"type":"binary-expr","locations":[{"start":{"line":81,"column":8},"end":{"line":81,"column":20}},{"start":{"line":81,"column":24},"end":{"line":81,"column":34}}]},"15":{"loc":{"start":{"line":95,"column":4},"end":{"line":95,"column":43}},"type":"if","locations":[{"start":{"line":95,"column":4},"end":{"line":95,"column":43}}]},"16":{"loc":{"start":{"line":95,"column":8},"end":{"line":95,"column":34}},"type":"binary-expr","locations":[{"start":{"line":95,"column":8},"end":{"line":95,"column":20}},{"start":{"line":95,"column":24},"end":{"line":95,"column":34}}]}},"s":{"0":2,"1":2,"2":2,"3":2,"4":15,"5":15,"6":15,"7":15,"8":15,"9":15,"10":15,"11":13,"12":13,"13":13,"14":2,"15":3,"16":2,"17":2,"18":1,"19":1,"20":4,"21":2,"22":2,"23":2,"24":2,"25":4,"26":1,"27":3,"28":3,"29":2,"30":2,"31":1,"32":3,"33":2,"34":1,"35":3,"36":2,"37":1,"38":3,"39":2,"40":1,"41":2,"42":2},"f":{"0":15,"1":3,"2":4,"3":4,"4":3,"5":3,"6":3},"b":{"0":[13,2],"1":[15,13],"2":[13,3],"3":[13,3],"4":[2],"5":[2],"6":[3,2],"7":[2],"8":[4,3],"9":[1],"10":[2,1],"11":[2],"12":[3,2],"13":[2],"14":[3,2],"15":[2],"16":[3,2]}}
,"/Users/christian/Code/orange-collar-jobs/src/api/src/core/storage/storage.service.ts": {"path":"/Users/christian/Code/orange-collar-jobs/src/api/src/core/storage/storage.service.ts","statementMap":{"0":{"start":{"line":1,"column":0},"end":{"line":1,"column":52}},"1":{"start":{"line":2,"column":0},"end":{"line":2,"column":47}},"2":{"start":{"line":3,"column":0},"end":{"line":3,"column":null}},"3":{"start":{"line":10,"column":0},"end":{"line":10,"column":61}},"4":{"start":{"line":11,"column":0},"end":{"line":11,"column":41}},"5":{"start":{"line":23,"column":27},"end":{"line":87,"column":null}},"6":{"start":{"line":25,"column":28},"end":{"line":25,"column":59}},"7":{"start":{"line":28,"column":31},"end":{"line":28,"column":39}},"8":{"start":{"line":29,"column":21},"end":{"line":29,"column":75}},"9":{"start":{"line":30,"column":19},"end":{"line":30,"column":79}},"10":{"start":{"line":31,"column":27},"end":{"line":31,"column":90}},"11":{"start":{"line":33,"column":4},"end":{"line":41,"column":7}},"12":{"start":{"line":43,"column":4},"end":{"line":47,"column":6}},"13":{"start":{"line":56,"column":16},"end":{"line":56,"column":68}},"14":{"start":{"line":57,"column":23},"end":{"line":57,"column":43}},"15":{"start":{"line":59,"column":4},"end":{"line":66,"column":6}},"16":{"start":{"line":68,"column":16},"end":{"line":68,"column":101}},"17":{"start":{"line":69,"column":4},"end":{"line":69,"column":56}},"18":{"start":{"line":70,"column":4},"end":{"line":70,"column":44}},"19":{"start":{"line":74,"column":20},"end":{"line":74,"column":84}},"20":{"start":{"line":75,"column":4},"end":{"line":75,"column":79}},"21":{"start":{"line":79,"column":4},"end":{"line":81,"column":6}},"22":{"start":{"line":85,"column":4},"end":{"line":85,"column":87}},"23":{"start":{"line":23,"column":13},"end":{"line":23,"column":27}},"24":{"start":{"line":23,"column":13},"end":{"line":87,"column":null}}},"fnMap":{"0":{"name":"(anonymous_2)","decl":{"start":{"line":28,"column":2},"end":{"line":28,"column":31}},"loc":{"start":{"line":28,"column":57},"end":{"line":48,"column":3}}},"1":{"name":"(anonymous_3)","decl":{"start":{"line":50,"column":2},"end":{"line":50,"column":7}},"loc":{"start":{"line":54,"column":22},"end":{"line":71,"column":3}}},"2":{"name":"(anonymous_4)","decl":{"start":{"line":73,"column":2},"end":{"line":73,"column":7}},"loc":{"start":{"line":73,"column":80},"end":{"line":76,"column":3}}},"3":{"name":"(anonymous_5)","decl":{"start":{"line":78,"column":2},"end":{"line":78,"column":7}},"loc":{"start":{"line":78,"column":49},"end":{"line":82,"column":3}}},"4":{"name":"(anonymous_6)","decl":{"start":{"line":84,"column":2},"end":{"line":84,"column":7}},"loc":{"start":{"line":84,"column":12},"end":{"line":86,"column":3}}}},"branchMap":{"0":{"loc":{"start":{"line":30,"column":19},"end":{"line":30,"column":79}},"type":"binary-expr","locations":[{"start":{"line":30,"column":19},"end":{"line":30,"column":64}},{"start":{"line":30,"column":68},"end":{"line":30,"column":79}}]},"1":{"loc":{"start":{"line":31,"column":27},"end":{"line":31,"column":90}},"type":"binary-expr","locations":[{"start":{"line":31,"column":27},"end":{"line":31,"column":82}},{"start":{"line":31,"column":86},"end":{"line":31,"column":90}}]},"2":{"loc":{"start":{"line":44,"column":15},"end":{"line":44,"column":81}},"type":"binary-expr","locations":[{"start":{"line":44,"column":15},"end":{"line":44,"column":68}},{"start":{"line":44,"column":72},"end":{"line":44,"column":81}}]},"3":{"loc":{"start":{"line":45,"column":23},"end":{"line":45,"column":93}},"type":"binary-expr","locations":[{"start":{"line":45,"column":23},"end":{"line":45,"column":74}},{"start":{"line":45,"column":78},"end":{"line":45,"column":93}}]},"4":{"loc":{"start":{"line":46,"column":19},"end":{"line":46,"column":83}},"type":"binary-expr","locations":[{"start":{"line":46,"column":19},"end":{"line":46,"column":68}},{"start":{"line":46,"column":72},"end":{"line":46,"column":83}}]},"5":{"loc":{"start":{"line":56,"column":19},"end":{"line":56,"column":51}},"type":"cond-expr","locations":[{"start":{"line":56,"column":31},"end":{"line":56,"column":46}},{"start":{"line":56,"column":49},"end":{"line":56,"column":51}}]},"6":{"loc":{"start":{"line":73,"column":57},"end":{"line":73,"column":80}},"type":"default-arg","locations":[{"start":{"line":73,"column":76},"end":{"line":73,"column":80}}]}},"s":{"0":4,"1":4,"2":4,"3":4,"4":4,"5":4,"6":9,"7":9,"8":9,"9":9,"10":9,"11":9,"12":9,"13":3,"14":3,"15":3,"16":3,"17":3,"18":3,"19":1,"20":1,"21":1,"22":3,"23":4,"24":4},"f":{"0":9,"1":3,"2":1,"3":1,"4":3},"b":{"0":[9,1],"1":[9,1],"2":[9,1],"3":[9,1],"4":[9,1],"5":[1,2],"6":[1]}}
}
