TN:
SF:src/app.factory.ts
FN:19,configureApp
FNF:1
FNH:1
FNDA:5,configureApp
DA:2,1
DA:3,1
DA:19,1
DA:21,5
DA:31,5
DA:36,5
DA:40,5
LF:7
LH:7
BRF:0
BRH:0
end_of_record
TN:
SF:src/core/auth/current-user.decorator.ts
FN:5,(anonymous_0)
FNF:1
FNH:1
FNDA:1,(anonymous_0)
DA:1,3
DA:5,3
DA:6,1
DA:7,1
DA:10,3
LF:5
LH:5
BRF:0
BRH:0
end_of_record
TN:
SF:src/core/auth/jwt-auth.guard.ts
FN:8,(anonymous_2)
FN:12,(anonymous_3)
FNF:2
FNH:2
FNDA:3,(anonymous_2)
FNDA:2,(anonymous_3)
DA:1,2
DA:2,2
DA:3,2
DA:4,2
DA:7,2
DA:8,3
DA:9,3
DA:13,2
DA:17,2
DA:18,1
LF:10
LH:10
BRDA:17,0,0,1
BRF:1
BRH:1
end_of_record
TN:
SF:src/core/auth/jwt.strategy.ts
FN:25,(anonymous_2)
FN:36,(anonymous_3)
FNF:2
FNH:2
FNDA:3,(anonymous_2)
FNDA:2,(anonymous_3)
DA:1,2
DA:2,2
DA:3,2
DA:4,2
DA:5,2
DA:24,2
DA:27,3
DA:29,3
DA:37,2
DA:41,2
DA:42,1
LF:11
LH:11
BRDA:41,0,0,1
BRF:1
BRH:1
end_of_record
TN:
SF:src/core/auth/me.controller.ts
FN:24,(anonymous_4)
FNF:1
FNH:1
FNDA:3,(anonymous_4)
DA:1,2
DA:2,2
DA:3,2
DA:15,2
DA:24,2
DA:25,3
LF:6
LH:6
BRF:0
BRH:0
end_of_record
TN:
SF:src/core/auth/public.decorator.ts
FN:4,(anonymous_0)
FNF:1
FNH:1
FNDA:3,(anonymous_0)
DA:1,4
DA:3,4
DA:4,4
LF:3
LH:3
BRF:0
BRH:0
end_of_record
TN:
SF:src/core/auth/roles.decorator.ts
FN:5,(anonymous_0)
FNF:1
FNH:1
FNDA:2,(anonymous_0)
DA:1,3
DA:4,3
DA:5,3
DA:6,2
LF:4
LH:4
BRF:0
BRH:0
end_of_record
TN:
SF:src/core/auth/roles.guard.ts
FN:10,(anonymous_2)
FN:12,(anonymous_3)
FNF:2
FNH:2
FNDA:6,(anonymous_2)
FNDA:5,(anonymous_3)
DA:1,2
DA:2,2
DA:4,2
DA:5,2
DA:9,2
DA:10,6
DA:13,5
DA:17,5
DA:19,3
DA:20,3
DA:21,3
DA:22,2
DA:23,1
DA:25,1
LF:14
LH:14
BRDA:17,0,0,2
BRDA:17,1,0,5
BRDA:17,1,1,4
BRDA:21,2,0,1
BRDA:22,3,0,1
BRF:5
BRH:5
end_of_record
TN:
SF:src/core/config/env.schema.ts
FN:10,(anonymous_0)
FN:15,(anonymous_1)
FN:20,(anonymous_2)
FN:29,(anonymous_3)
FNF:4
FNH:4
FNDA:15,(anonymous_0)
FNDA:7,(anonymous_1)
FNDA:16,(anonymous_2)
FNDA:16,(anonymous_3)
DA:1,5
DA:3,5
DA:10,15
DA:15,7
DA:20,16
DA:29,16
LF:6
LH:6
BRDA:10,0,0,15
BRDA:10,0,1,1
BRDA:15,1,0,7
BRDA:15,1,1,1
BRDA:20,2,0,16
BRDA:20,2,1,2
BRDA:29,3,0,16
BRDA:29,3,1,1
BRF:8
BRH:8
end_of_record
TN:
SF:src/core/database/prisma.service.ts
FN:8,(anonymous_1)
FN:13,(anonymous_2)
FNF:2
FNH:2
FNDA:1,(anonymous_1)
FNDA:2,(anonymous_2)
DA:1,4
DA:2,4
DA:5,4
DA:6,5
DA:9,1
DA:10,1
DA:14,2
DA:15,2
LF:8
LH:8
BRF:0
BRH:0
end_of_record
TN:
SF:src/core/email/email.service.ts
FN:24,(anonymous_2)
FN:31,(anonymous_3)
FN:61,(anonymous_4)
FN:71,(anonymous_5)
FNF:4
FNH:4
FNDA:10,(anonymous_2)
FNDA:10,(anonymous_3)
FNDA:2,(anonymous_4)
FNDA:2,(anonymous_5)
DA:1,1
DA:2,1
DA:17,1
DA:18,10
DA:25,10
DA:26,10
DA:27,10
DA:28,10
DA:32,10
DA:33,4
DA:36,4
DA:39,6
DA:54,6
DA:55,1
DA:56,1
DA:57,1
DA:62,2
DA:63,2
DA:72,2
DA:73,2
LF:20
LH:20
BRDA:26,0,0,10
BRDA:26,0,1,5
BRDA:27,1,0,10
BRDA:27,1,1,5
BRDA:28,2,0,10
BRDA:28,2,1,4
BRDA:32,3,0,4
BRDA:34,4,0,4
BRDA:34,4,1,2
BRDA:54,5,0,1
BRF:10
BRH:10
end_of_record
TN:
SF:src/core/error/errors.ts
FN:2,(anonymous_0)
FN:14,(anonymous_1)
FN:24,(anonymous_2)
FN:30,(anonymous_3)
FN:36,(anonymous_4)
FN:42,(anonymous_5)
FN:48,(anonymous_6)
FN:59,(anonymous_7)
FNF:8
FNH:8
FNDA:19,(anonymous_0)
FNDA:3,(anonymous_1)
FNDA:1,(anonymous_2)
FNDA:2,(anonymous_3)
FNDA:2,(anonymous_4)
FNDA:5,(anonymous_5)
FNDA:1,(anonymous_6)
FNDA:1,(anonymous_7)
DA:1,5
DA:4,19
DA:5,19
DA:6,19
DA:8,19
DA:9,19
DA:13,5
DA:15,3
DA:23,5
DA:25,1
DA:29,5
DA:31,2
DA:35,5
DA:37,2
DA:41,5
DA:43,5
DA:47,5
DA:49,1
DA:58,5
DA:60,1
LF:20
LH:20
BRDA:16,0,0,2
BRDA:16,0,1,1
BRDA:36,1,0,1
BRDA:42,2,0,2
BRDA:59,3,0,1
BRF:5
BRH:5
end_of_record
TN:
SF:src/core/error/global-exception.filter.ts
FN:22,(anonymous_1)
FNF:1
FNH:1
FNDA:10,(anonymous_1)
DA:1,3
DA:10,3
DA:19,3
DA:20,7
DA:23,10
DA:24,10
DA:25,10
DA:30,10
DA:31,4
DA:32,4
DA:33,4
DA:34,6
DA:35,5
DA:36,5
DA:37,5
DA:38,2
DA:40,3
DA:41,3
DA:49,1
DA:50,1
DA:51,1
DA:57,10
LF:22
LH:22
BRDA:30,0,0,4
BRDA:30,0,1,6
BRDA:33,1,0,1
BRDA:34,2,0,5
BRDA:34,2,1,1
BRDA:37,3,0,2
BRDA:37,3,1,3
BRDA:42,4,0,3
BRDA:42,4,1,2
BRDA:43,5,0,1
BRDA:43,5,1,2
BRDA:45,6,0,2
BRDA:45,6,1,1
BRF:13
BRH:13
end_of_record
TN:
SF:src/core/health/health.controller.ts
FN:28,(anonymous_2)
FN:42,(anonymous_3)
FN:44,(anonymous_4)
FN:45,(anonymous_5)
FN:46,(anonymous_6)
FN:50,(anonymous_7)
FNF:6
FNH:6
FNDA:3,(anonymous_2)
FNDA:2,(anonymous_3)
FNDA:2,(anonymous_4)
FNDA:2,(anonymous_5)
FNDA:2,(anonymous_6)
FNDA:1,(anonymous_7)
DA:1,2
DA:2,2
DA:3,2
DA:9,2
DA:11,2
DA:12,2
DA:13,2
DA:14,2
DA:17,2
DA:27,2
DA:29,3
DA:30,3
DA:31,3
DA:32,3
DA:33,3
DA:34,3
DA:35,3
DA:42,2
DA:43,2
DA:44,2
DA:45,2
DA:46,2
DA:49,2
DA:50,1
DA:53,2
LF:25
LH:25
BRDA:49,0,0,1
BRF:1
BRH:1
end_of_record
TN:
SF:src/core/health/redis-health.indicator.ts
FN:9,(anonymous_3)
FN:13,(anonymous_4)
FN:24,(anonymous_5)
FNF:3
FNH:2
FNDA:3,(anonymous_3)
FNDA:2,(anonymous_4)
FNDA:0,(anonymous_5)
DA:1,3
DA:2,3
DA:3,3
DA:4,3
DA:8,3
DA:9,3
DA:10,3
DA:14,2
DA:19,2
DA:20,2
DA:21,1
DA:22,1
DA:24,1
DA:25,1
LF:14
LH:14
BRF:0
BRH:0
end_of_record
TN:
SF:src/core/health/storage-health.indicator.ts
FN:7,(anonymous_2)
FN:11,(anonymous_3)
FNF:2
FNH:2
FNDA:3,(anonymous_2)
FNDA:2,(anonymous_3)
DA:1,3
DA:2,3
DA:3,3
DA:6,3
DA:7,3
DA:8,3
DA:12,2
DA:13,2
DA:14,1
DA:16,1
LF:10
LH:10
BRF:0
BRH:0
end_of_record
TN:
SF:src/core/sms/sms.service.ts
FN:13,(anonymous_5)
FN:27,(anonymous_6)
FN:41,(anonymous_7)
FN:53,(anonymous_8)
FN:67,(anonymous_9)
FN:76,(anonymous_10)
FN:89,(anonymous_11)
FNF:7
FNH:7
FNDA:15,(anonymous_5)
FNDA:3,(anonymous_6)
FNDA:4,(anonymous_7)
FNDA:4,(anonymous_8)
FNDA:3,(anonymous_9)
FNDA:3,(anonymous_10)
FNDA:3,(anonymous_11)
DA:1,2
DA:2,2
DA:3,2
DA:7,2
DA:8,15
DA:9,15
DA:10,15
DA:11,15
DA:14,15
DA:15,15
DA:17,15
DA:18,13
DA:19,13
DA:20,13
DA:22,2
DA:31,3
DA:32,2
DA:33,2
DA:35,1
DA:38,1
DA:42,4
DA:43,2
DA:44,2
DA:46,2
DA:49,2
DA:54,4
DA:55,3
DA:56,3
DA:59,2
DA:60,2
DA:62,1
DA:68,3
DA:69,1
DA:81,3
DA:82,1
DA:95,3
DA:96,1
LF:37
LH:37
BRDA:17,0,0,13
BRDA:17,0,1,2
BRDA:17,1,0,15
BRDA:17,1,1,13
BRDA:19,2,0,13
BRDA:19,2,1,3
BRDA:20,3,0,13
BRDA:20,3,1,3
BRDA:29,4,0,2
BRDA:31,5,0,2
BRDA:31,6,0,3
BRDA:31,6,1,2
BRDA:42,7,0,2
BRDA:42,8,0,4
BRDA:42,8,1,3
BRDA:54,9,0,1
BRDA:60,10,0,2
BRDA:60,10,1,1
BRDA:68,11,0,2
BRDA:68,12,0,3
BRDA:68,12,1,2
BRDA:81,13,0,2
BRDA:81,14,0,3
BRDA:81,14,1,2
BRDA:95,15,0,2
BRDA:95,16,0,3
BRDA:95,16,1,2
BRF:27
BRH:27
end_of_record
TN:
SF:src/core/storage/storage.service.ts
FN:28,(anonymous_2)
FN:50,(anonymous_3)
FN:73,(anonymous_4)
FN:78,(anonymous_5)
FN:84,(anonymous_6)
FNF:5
FNH:5
FNDA:9,(anonymous_2)
FNDA:3,(anonymous_3)
FNDA:1,(anonymous_4)
FNDA:1,(anonymous_5)
FNDA:3,(anonymous_6)
DA:1,4
DA:2,4
DA:3,4
DA:10,4
DA:11,4
DA:23,4
DA:25,9
DA:28,9
DA:29,9
DA:30,9
DA:31,9
DA:33,9
DA:43,9
DA:56,3
DA:57,3
DA:59,3
DA:68,3
DA:69,3
DA:70,3
DA:74,1
DA:75,1
DA:79,1
DA:85,3
LF:23
LH:23
BRDA:30,0,0,9
BRDA:30,0,1,1
BRDA:31,1,0,9
BRDA:31,1,1,1
BRDA:44,2,0,9
BRDA:44,2,1,1
BRDA:45,3,0,9
BRDA:45,3,1,1
BRDA:46,4,0,9
BRDA:46,4,1,1
BRDA:56,5,0,1
BRDA:56,5,1,2
BRDA:73,6,0,1
BRF:13
BRH:13
end_of_record
