TN:
SF:src/app.factory.ts
FN:19,configureApp
FNF:1
FNH:1
FNDA:5,configureApp
DA:2,1
DA:3,1
DA:19,1
DA:21,5
DA:31,5
DA:36,5
DA:40,5
LF:7
LH:7
BRF:0
BRH:0
end_of_record
TN:
SF:src/core/auth/current-user.decorator.ts
FN:5,(anonymous_0)
FNF:1
FNH:1
FNDA:1,(anonymous_0)
DA:1,4
DA:5,4
DA:6,1
DA:7,1
DA:10,4
LF:5
LH:5
BRF:0
BRH:0
end_of_record
TN:
SF:src/core/auth/jwt-auth.guard.ts
FN:8,(anonymous_2)
FN:12,(anonymous_3)
FNF:2
FNH:2
FNDA:3,(anonymous_2)
FNDA:2,(anonymous_3)
DA:1,2
DA:2,2
DA:3,2
DA:4,2
DA:7,2
DA:8,3
DA:9,3
DA:13,2
DA:17,2
DA:18,1
LF:10
LH:10
BRDA:17,0,0,1
BRF:1
BRH:1
end_of_record
TN:
SF:src/core/auth/jwt.strategy.ts
FN:25,(anonymous_2)
FN:36,(anonymous_3)
FNF:2
FNH:2
FNDA:4,(anonymous_2)
FNDA:3,(anonymous_3)
DA:1,2
DA:2,2
DA:3,2
DA:4,2
DA:5,2
DA:24,2
DA:27,4
DA:29,4
DA:37,3
DA:41,3
DA:42,2
DA:43,1
DA:45,1
LF:13
LH:13
BRDA:41,0,0,1
BRDA:42,1,0,1
BRF:2
BRH:2
end_of_record
TN:
SF:src/core/auth/me.controller.ts
FN:24,(anonymous_4)
FNF:1
FNH:1
FNDA:3,(anonymous_4)
DA:1,2
DA:2,2
DA:3,2
DA:15,2
DA:24,2
DA:25,3
LF:6
LH:6
BRF:0
BRH:0
end_of_record
TN:
SF:src/core/auth/public.decorator.ts
FN:4,(anonymous_0)
FNF:1
FNH:1
FNDA:15,(anonymous_0)
DA:1,5
DA:3,5
DA:4,15
LF:3
LH:3
BRF:0
BRH:0
end_of_record
TN:
SF:src/core/auth/roles.decorator.ts
FN:5,(anonymous_0)
FNF:1
FNH:1
FNDA:2,(anonymous_0)
DA:1,3
DA:4,3
DA:5,3
DA:6,2
LF:4
LH:4
BRF:0
BRH:0
end_of_record
TN:
SF:src/core/auth/roles.guard.ts
FN:10,(anonymous_2)
FN:12,(anonymous_3)
FNF:2
FNH:2
FNDA:6,(anonymous_2)
FNDA:5,(anonymous_3)
DA:1,2
DA:2,2
DA:4,2
DA:5,2
DA:9,2
DA:10,6
DA:13,5
DA:17,5
DA:19,3
DA:20,3
DA:21,3
DA:22,2
DA:23,1
DA:25,1
LF:14
LH:14
BRDA:17,0,0,2
BRDA:17,1,0,5
BRDA:17,1,1,4
BRDA:21,2,0,1
BRDA:22,3,0,1
BRF:5
BRH:5
end_of_record
TN:
SF:src/core/config/env.schema.ts
FN:10,(anonymous_0)
FN:15,(anonymous_1)
FN:20,(anonymous_2)
FN:29,(anonymous_3)
FNF:4
FNH:4
FNDA:16,(anonymous_0)
FNDA:8,(anonymous_1)
FNDA:17,(anonymous_2)
FNDA:17,(anonymous_3)
DA:1,5
DA:3,5
DA:10,16
DA:15,8
DA:20,17
DA:29,17
LF:6
LH:6
BRDA:10,0,0,16
BRDA:10,0,1,1
BRDA:15,1,0,8
BRDA:15,1,1,1
BRDA:20,2,0,17
BRDA:20,2,1,2
BRDA:29,3,0,17
BRDA:29,3,1,1
BRF:8
BRH:8
end_of_record
TN:
SF:src/core/database/prisma.service.ts
FN:8,(anonymous_1)
FN:13,(anonymous_2)
FNF:2
FNH:2
FNDA:1,(anonymous_1)
FNDA:2,(anonymous_2)
DA:1,6
DA:2,6
DA:5,6
DA:6,5
DA:9,1
DA:10,1
DA:14,2
DA:15,2
LF:8
LH:8
BRF:0
BRH:0
end_of_record
TN:
SF:src/core/email/email.service.ts
FN:24,(anonymous_2)
FN:31,(anonymous_3)
FN:61,(anonymous_4)
FN:71,(anonymous_5)
FNF:4
FNH:4
FNDA:11,(anonymous_2)
FNDA:10,(anonymous_3)
FNDA:2,(anonymous_4)
FNDA:2,(anonymous_5)
DA:1,4
DA:2,4
DA:17,4
DA:18,11
DA:25,11
DA:26,11
DA:27,11
DA:28,11
DA:32,10
DA:33,4
DA:36,4
DA:39,6
DA:54,6
DA:55,1
DA:56,1
DA:57,1
DA:62,2
DA:63,2
DA:72,2
DA:73,2
LF:20
LH:20
BRDA:26,0,0,11
BRDA:26,0,1,5
BRDA:27,1,0,11
BRDA:27,1,1,5
BRDA:28,2,0,11
BRDA:28,2,1,4
BRDA:32,3,0,4
BRDA:34,4,0,4
BRDA:34,4,1,2
BRDA:54,5,0,1
BRF:10
BRH:10
end_of_record
TN:
SF:src/core/error/errors.ts
FN:2,(anonymous_0)
FN:14,(anonymous_1)
FN:24,(anonymous_2)
FN:30,(anonymous_3)
FN:36,(anonymous_4)
FN:42,(anonymous_5)
FN:48,(anonymous_6)
FN:59,(anonymous_7)
FN:65,(anonymous_8)
FN:71,(anonymous_9)
FNF:10
FNH:10
FNDA:28,(anonymous_0)
FNDA:3,(anonymous_1)
FNDA:2,(anonymous_2)
FNDA:2,(anonymous_3)
FNDA:5,(anonymous_4)
FNDA:5,(anonymous_5)
FNDA:1,(anonymous_6)
FNDA:1,(anonymous_7)
FNDA:2,(anonymous_8)
FNDA:3,(anonymous_9)
DA:1,7
DA:4,28
DA:5,28
DA:6,28
DA:8,28
DA:9,28
DA:13,7
DA:15,3
DA:23,7
DA:25,2
DA:29,7
DA:31,2
DA:35,7
DA:37,5
DA:41,7
DA:43,5
DA:47,7
DA:49,1
DA:58,7
DA:60,1
DA:64,7
DA:66,2
DA:70,7
DA:72,3
LF:24
LH:24
BRDA:16,0,0,2
BRDA:16,0,1,1
BRDA:36,1,0,1
BRDA:42,2,0,2
BRDA:59,3,0,1
BRDA:65,4,0,2
BRF:6
BRH:6
end_of_record
TN:
SF:src/core/error/global-exception.filter.ts
FN:22,(anonymous_1)
FNF:1
FNH:1
FNDA:10,(anonymous_1)
DA:1,3
DA:10,3
DA:19,3
DA:20,7
DA:23,10
DA:24,10
DA:25,10
DA:30,10
DA:31,4
DA:32,4
DA:33,4
DA:34,6
DA:35,5
DA:36,5
DA:37,5
DA:38,2
DA:40,3
DA:41,3
DA:49,1
DA:50,1
DA:51,1
DA:57,10
LF:22
LH:22
BRDA:30,0,0,4
BRDA:30,0,1,6
BRDA:33,1,0,1
BRDA:34,2,0,5
BRDA:34,2,1,1
BRDA:37,3,0,2
BRDA:37,3,1,3
BRDA:42,4,0,3
BRDA:42,4,1,2
BRDA:43,5,0,1
BRDA:43,5,1,2
BRDA:45,6,0,2
BRDA:45,6,1,1
BRF:13
BRH:13
end_of_record
TN:
SF:src/core/health/health.controller.ts
FN:28,(anonymous_2)
FN:42,(anonymous_3)
FN:44,(anonymous_4)
FN:45,(anonymous_5)
FN:46,(anonymous_6)
FN:50,(anonymous_7)
FNF:6
FNH:6
FNDA:3,(anonymous_2)
FNDA:2,(anonymous_3)
FNDA:2,(anonymous_4)
FNDA:2,(anonymous_5)
FNDA:2,(anonymous_6)
FNDA:1,(anonymous_7)
DA:1,2
DA:2,2
DA:3,2
DA:9,2
DA:11,2
DA:12,2
DA:13,2
DA:14,2
DA:17,2
DA:27,2
DA:29,3
DA:30,3
DA:31,3
DA:32,3
DA:33,3
DA:34,3
DA:35,3
DA:42,2
DA:43,2
DA:44,2
DA:45,2
DA:46,2
DA:49,2
DA:50,1
DA:53,2
LF:25
LH:25
BRDA:49,0,0,1
BRF:1
BRH:1
end_of_record
TN:
SF:src/core/health/redis-health.indicator.ts
FN:9,(anonymous_3)
FN:13,(anonymous_4)
FN:24,(anonymous_5)
FNF:3
FNH:3
FNDA:4,(anonymous_3)
FNDA:3,(anonymous_4)
FNDA:1,(anonymous_5)
DA:1,3
DA:2,3
DA:3,3
DA:4,3
DA:8,3
DA:9,4
DA:10,4
DA:14,3
DA:19,3
DA:20,3
DA:21,1
DA:22,1
DA:24,2
DA:25,2
LF:14
LH:14
BRF:0
BRH:0
end_of_record
TN:
SF:src/core/health/storage-health.indicator.ts
FN:7,(anonymous_2)
FN:11,(anonymous_3)
FNF:2
FNH:2
FNDA:3,(anonymous_2)
FNDA:2,(anonymous_3)
DA:1,3
DA:2,3
DA:3,3
DA:6,3
DA:7,3
DA:8,3
DA:12,2
DA:13,2
DA:14,1
DA:16,1
LF:10
LH:10
BRF:0
BRH:0
end_of_record
TN:
SF:src/core/sms/sms.service.ts
FN:13,(anonymous_5)
FN:27,(anonymous_6)
FN:41,(anonymous_7)
FN:53,(anonymous_8)
FN:67,(anonymous_9)
FN:76,(anonymous_10)
FN:89,(anonymous_11)
FNF:7
FNH:7
FNDA:15,(anonymous_5)
FNDA:3,(anonymous_6)
FNDA:4,(anonymous_7)
FNDA:4,(anonymous_8)
FNDA:3,(anonymous_9)
FNDA:3,(anonymous_10)
FNDA:3,(anonymous_11)
DA:1,2
DA:2,2
DA:3,2
DA:7,2
DA:8,15
DA:9,15
DA:10,15
DA:11,15
DA:14,15
DA:15,15
DA:17,15
DA:18,13
DA:19,13
DA:20,13
DA:22,2
DA:31,3
DA:32,2
DA:33,2
DA:35,1
DA:38,1
DA:42,4
DA:43,2
DA:44,2
DA:46,2
DA:49,2
DA:54,4
DA:55,3
DA:56,3
DA:59,2
DA:60,2
DA:62,1
DA:68,3
DA:69,1
DA:81,3
DA:82,1
DA:95,3
DA:96,1
LF:37
LH:37
BRDA:17,0,0,13
BRDA:17,0,1,2
BRDA:17,1,0,15
BRDA:17,1,1,13
BRDA:19,2,0,13
BRDA:19,2,1,3
BRDA:20,3,0,13
BRDA:20,3,1,3
BRDA:29,4,0,2
BRDA:31,5,0,2
BRDA:31,6,0,3
BRDA:31,6,1,2
BRDA:42,7,0,2
BRDA:42,8,0,4
BRDA:42,8,1,3
BRDA:54,9,0,1
BRDA:60,10,0,2
BRDA:60,10,1,1
BRDA:68,11,0,2
BRDA:68,12,0,3
BRDA:68,12,1,2
BRDA:81,13,0,2
BRDA:81,14,0,3
BRDA:81,14,1,2
BRDA:95,15,0,2
BRDA:95,16,0,3
BRDA:95,16,1,2
BRF:27
BRH:27
end_of_record
TN:
SF:src/core/storage/storage.service.ts
FN:28,(anonymous_2)
FN:50,(anonymous_3)
FN:73,(anonymous_4)
FN:78,(anonymous_5)
FN:84,(anonymous_6)
FNF:5
FNH:5
FNDA:9,(anonymous_2)
FNDA:3,(anonymous_3)
FNDA:1,(anonymous_4)
FNDA:1,(anonymous_5)
FNDA:3,(anonymous_6)
DA:1,4
DA:2,4
DA:3,4
DA:10,4
DA:11,4
DA:23,4
DA:25,9
DA:28,9
DA:29,9
DA:30,9
DA:31,9
DA:33,9
DA:43,9
DA:56,3
DA:57,3
DA:59,3
DA:68,3
DA:69,3
DA:70,3
DA:74,1
DA:75,1
DA:79,1
DA:85,3
LF:23
LH:23
BRDA:30,0,0,9
BRDA:30,0,1,1
BRDA:31,1,0,9
BRDA:31,1,1,1
BRDA:44,2,0,9
BRDA:44,2,1,1
BRDA:45,3,0,9
BRDA:45,3,1,1
BRDA:46,4,0,9
BRDA:46,4,1,1
BRDA:56,5,0,1
BRDA:56,5,1,2
BRDA:73,6,0,1
BRF:13
BRH:13
end_of_record
TN:
SF:src/domains/auth/auth.controller.ts
FN:30,(anonymous_4)
FN:39,(anonymous_5)
FN:50,(anonymous_6)
FN:59,(anonymous_7)
FN:69,(anonymous_8)
FN:79,(anonymous_9)
FN:89,(anonymous_10)
FN:99,(anonymous_11)
FNF:8
FNH:8
FNDA:8,(anonymous_4)
FNDA:1,(anonymous_5)
FNDA:1,(anonymous_6)
FNDA:1,(anonymous_7)
FNDA:1,(anonymous_8)
FNDA:1,(anonymous_9)
FNDA:1,(anonymous_10)
FNDA:1,(anonymous_11)
DA:1,2
DA:8,2
DA:14,2
DA:15,2
DA:16,2
DA:18,2
DA:19,2
DA:20,2
DA:21,2
DA:22,2
DA:23,2
DA:24,2
DA:29,2
DA:30,8
DA:39,2
DA:40,1
DA:50,2
DA:51,1
DA:59,2
DA:60,1
DA:69,2
DA:70,1
DA:79,2
DA:80,1
DA:89,2
DA:90,1
DA:99,2
DA:100,1
LF:28
LH:28
BRF:0
BRH:0
end_of_record
TN:
SF:src/domains/auth/auth.service.ts
FN:25,parseDurationMs
FN:38,hashToken
FN:42,generateOpaqueToken
FN:48,(anonymous_14)
FN:55,(anonymous_15)
FN:90,(anonymous_16)
FN:109,(anonymous_17)
FN:116,(anonymous_18)
FN:135,(anonymous_19)
FN:159,(anonymous_20)
FN:181,(anonymous_21)
FN:211,(anonymous_22)
FNF:12
FNH:12
FNDA:2,parseDurationMs
FNDA:5,hashToken
FNDA:4,generateOpaqueToken
FNDA:18,(anonymous_14)
FNDA:2,(anonymous_15)
FNDA:4,(anonymous_16)
FNDA:1,(anonymous_17)
FNDA:3,(anonymous_18)
FNDA:3,(anonymous_19)
FNDA:2,(anonymous_20)
FNDA:2,(anonymous_21)
FNDA:2,(anonymous_22)
DA:1,3
DA:2,3
DA:3,3
DA:4,3
DA:5,3
DA:8,3
DA:9,3
DA:10,3
DA:21,3
DA:22,3
DA:23,3
DA:26,2
DA:27,2
DA:28,2
DA:29,2
DA:35,2
DA:39,5
DA:43,4
DA:47,3
DA:49,18
DA:50,18
DA:51,18
DA:52,18
DA:56,2
DA:57,2
DA:58,2
DA:59,1
DA:62,1
DA:63,1
DA:72,1
DA:73,1
DA:81,1
DA:82,1
DA:84,1
DA:91,4
DA:92,4
DA:93,4
DA:94,1
DA:97,3
DA:98,3
DA:99,1
DA:102,2
DA:103,1
DA:106,1
DA:110,1
DA:117,3
DA:118,3
DA:123,3
DA:124,2
DA:127,1
DA:132,1
DA:136,3
DA:141,3
DA:142,2
DA:145,1
DA:156,1
DA:160,2
DA:161,2
DA:163,2
DA:164,1
DA:165,1
DA:172,1
DA:173,1
DA:176,2
DA:182,2
DA:187,2
DA:188,1
DA:191,1
DA:193,1
DA:208,1
DA:212,2
DA:218,2
DA:219,2
DA:221,2
DA:225,2
DA:227,2
DA:229,2
DA:237,2
LF:78
LH:78
BRDA:27,0,0,0
BRDA:35,1,0,2
BRDA:35,1,1,0
BRDA:58,2,0,1
BRDA:68,3,0,1
BRDA:68,3,1,0
BRDA:81,4,0,1
BRDA:81,4,1,0
BRDA:93,5,0,1
BRDA:98,6,0,1
BRDA:102,7,0,1
BRDA:123,8,0,2
BRDA:123,9,0,3
BRDA:123,9,1,2
BRDA:141,10,0,2
BRDA:141,11,0,3
BRDA:141,11,1,3
BRDA:141,11,2,2
BRDA:163,12,0,1
BRDA:172,13,0,1
BRDA:172,13,1,0
BRDA:187,14,0,1
BRDA:187,15,0,2
BRDA:187,15,1,2
BRDA:187,15,2,2
BRDA:221,16,0,2
BRDA:221,16,1,0
BRDA:223,17,0,0
BRDA:223,17,1,0
BRDA:227,18,0,2
BRDA:227,18,1,0
BRF:31
BRH:22
end_of_record
